<?xml version="1.0" encoding="UTF-8"?>
<!-- Generated by org.testng.reporters.JUnitReportReporter -->
<testsuite skipped="0" hostname="LW-AmarT" name="testscript.AssetCostAssignmentTest" tests="1" failures="0" timestamp="16 Jul 2017 11:39:07 GMT" time="42.943" errors="0">
  <testcase name="AssetCostAssignmentSmokeTest" time="42.943" classname="testscript.AssetCostAssignmentTest"/>
</testsuite> <!-- testscript.AssetCostAssignmentTest -->
