<?xml version="1.0" encoding="UTF-8"?>
<!-- Generated by org.testng.reporters.JUnitReportReporter -->
<testsuite skipped="0" hostname="LW-AmarT" name="testscript.LeaseProfileTest" tests="1" failures="0" timestamp="15 Jul 2017 11:37:17 GMT" time="86.565" errors="0">
  <testcase name="LeaseProfileCreationTest" time="86.565" classname="testscript.LeaseProfileTest"/>
</testsuite> <!-- testscript.LeaseProfileTest -->
