<?xml version="1.0" encoding="UTF-8"?>
<!-- Generated by org.testng.reporters.JUnitReportReporter -->
<testsuite skipped="0" hostname="LW-AmarT" name="testscript.LtrToArUpdatetest" tests="1" failures="0" timestamp="14 Jul 2017 19:57:21 GMT" time="21.074" errors="0">
  <testcase name="testLtrToArUpdate" time="21.074" classname="testscript.LtrToArUpdatetest"/>
</testsuite> <!-- testscript.LtrToArUpdatetest -->
