<?xml version="1.0" encoding="UTF-8"?>
<!-- Generated by org.testng.reporters.JUnitReportReporter -->
<testsuite skipped="0" hostname="LW-AmarT" name="testscript.AssetProfileTest" tests="1" failures="0" timestamp="14 Jul 2017 19:26:25 GMT" time="36.051" errors="0">
  <testcase name="AssetCreationTest" time="36.051" classname="testscript.AssetProfileTest"/>
</testsuite> <!-- testscript.AssetProfileTest -->
