<?xml version="1.0" encoding="UTF-8"?>
<!-- Generated by org.testng.reporters.JUnitReportReporter -->
<testsuite skipped="0" hostname="LW-AmarT" name="testscript.AssetCostAssignmentTest" tests="1" failures="0" timestamp="21 Sep 2017 06:15:39 GMT" time="86.870" errors="0">
  <testcase name="AssetCostAssignmentSmokeTest" time="86.870" classname="testscript.AssetCostAssignmentTest"/>
</testsuite> <!-- testscript.AssetCostAssignmentTest -->
