<?xml version="1.0" encoding="UTF-8"?>
<!-- Generated by org.testng.reporters.JUnitReportReporter -->
<testsuite skipped="0" hostname="LW-AmarT" name="testscript.AssetProfileTest" tests="1" failures="0" timestamp="08 Jul 2017 18:00:18 GMT" time="19.186" errors="0">
  <testcase name="AssetProfileCreationTest" time="19.186" classname="testscript.AssetProfileTest"/>
</testsuite> <!-- testscript.AssetProfileTest -->
