<?xml version="1.0" encoding="UTF-8"?>
<!-- Generated by org.testng.reporters.JUnitReportReporter -->
<testsuite skipped="0" hostname="DURGA-PC" name="generic.test" tests="2" failures="0" timestamp="17 Jun 2017 03:23:25 GMT" time="0.047" errors="0">
  <testcase name="firstTestCase" time="0.047" classname="generic.test"/>
  <testcase name="secondTestCase" time="0.000" classname="generic.test"/>
</testsuite> <!-- generic.test -->
