<?xml version="1.0" encoding="UTF-8"?>
<!-- Generated by org.testng.reporters.JUnitReportReporter -->
<testsuite skipped="0" hostname="LW-AmarT" name="testscript.AssetCostAssignmentTest" tests="1" failures="0" timestamp="14 Jul 2017 19:26:25 GMT" time="38.313" errors="0">
  <testcase name="costAssignmentTest" time="38.313" classname="testscript.AssetCostAssignmentTest"/>
</testsuite> <!-- testscript.AssetCostAssignmentTest -->
