<?xml version="1.0" encoding="UTF-8"?>
<!-- Generated by org.testng.reporters.JUnitReportReporter -->
<testsuite skipped="0" hostname="LW-AmarT" name="testscript.AssetCostAssignmentTest" tests="1" failures="0" timestamp="15 Jul 2017 11:37:17 GMT" time="30.640" errors="0">
  <testcase name="costAssignmentTest" time="30.640" classname="testscript.AssetCostAssignmentTest"/>
</testsuite> <!-- testscript.AssetCostAssignmentTest -->
