<?xml version="1.0" encoding="UTF-8"?>
<!-- Generated by org.testng.reporters.JUnitReportReporter -->
<testsuite skipped="0" hostname="LW-AmarT" name="generic.test" tests="2" failures="0" timestamp="16 Jun 2017 06:47:07 GMT" time="0.010" errors="0">
  <testcase name="firstTestCase" time="0.009" classname="generic.test"/>
  <testcase name="secondTestCase" time="0.001" classname="generic.test"/>
</testsuite> <!-- generic.test -->
