<?xml version="1.0" encoding="UTF-8"?>
<!-- Generated by org.testng.reporters.JUnitReportReporter -->
<testsuite skipped="0" hostname="LW-AmarT" name="testscript.LeaseProfileTest" tests="1" failures="0" timestamp="14 Jul 2017 19:26:25 GMT" time="94.841" errors="0">
  <testcase name="LeaseProfileCreationTest" time="94.841" classname="testscript.LeaseProfileTest"/>
</testsuite> <!-- testscript.LeaseProfileTest -->
