<?xml version="1.0" encoding="UTF-8"?>
<!-- Generated by org.testng.reporters.JUnitReportReporter -->
<testsuite skipped="0" hostname="LW-AmarT" name="testscript.AssetProfileTest" tests="1" failures="0" timestamp="09 Jul 2017 11:11:37 GMT" time="34.170" errors="0">
  <testcase name="AssetCreationTest" time="34.170" classname="testscript.AssetProfileTest"/>
</testsuite> <!-- testscript.AssetProfileTest -->
