<?xml version="1.0" encoding="UTF-8"?>
<!-- Generated by org.testng.reporters.JUnitReportReporter -->
<testsuite skipped="0" hostname="LW-AmarT" name="testscript.AssetProfileTest" tests="1" failures="0" timestamp="23 Sep 2017 12:21:23 GMT" time="23.426" errors="0">
  <testcase name="AssetCreationSmokeTest" time="23.426" classname="testscript.AssetProfileTest"/>
</testsuite> <!-- testscript.AssetProfileTest -->
